# JRE version: OpenJDK Runtime Environment (17.0.7) (build 17.0.7+0-b2043.56-10550314)
# Java VM: OpenJDK 64-Bit Server VM (17.0.7+0-b2043.56-10550314, mixed mode, tiered, compressed oops, compressed class ptrs, g1 gc, windows-amd64)
GC Precious Log:
 CPUs: 4 total, 4 available
 Memory: 3460M
 Large Page Support: Disabled
 NUMA Support: Disabled
 Compressed Oops: Enabled (32-bit)
 Heap Region Size: 1M
 Heap Min Capacity: 8M
 Heap Initial Capacity: 56M
 Heap Max Capacity: 866M
 Pre-touch: Disabled
 Parallel Workers: 4
 Concurrent Workers: 1
 Concurrent Refinement Workers: 4
 Periodic GC: Disabled
Heap:
 garbage-first heap   total 40960K, used 21018K [0x00000000c9e00000, 0x0000000100000000)
  region size 1024K, 2 young (2048K), 2 survivors (2048K)
 Metaspace       used 42248K, committed 42496K, reserved 1114112K
  class space    used 5226K, committed 5312K, reserved 1048576K
GC Heap History (20 events):
Event: 1.834 GC heap after
{Heap after GC invocations=2 (full 0):
 garbage-first heap   total 57344K, used 7804K [0x00000000c9e00000, 0x0000000100000000)
  region size 1024K, 2 young (2048K), 2 survivors (2048K)
 Metaspace       used 14663K, committed 14784K, reserved 1114112K
  class space    used 1461K, committed 1536K, reserved 1048576K
}
Event: 5.426 GC heap before
{Heap before GC invocations=2 (full 0):
 garbage-first heap   total 57344K, used 31356K [0x00000000c9e00000, 0x0000000100000000)
  region size 1024K, 26 young (26624K), 2 survivors (2048K)
 Metaspace       used 21435K, committed 21504K, reserved 1114112K
  class space    used 2385K, committed 2432K, reserved 1048576K
}
Event: 5.437 GC heap after
{Heap after GC invocations=3 (full 0):
 garbage-first heap   total 57344K, used 10330K [0x00000000c9e00000, 0x0000000100000000)
  region size 1024K, 5 young (5120K), 5 survivors (5120K)
 Metaspace       used 21435K, committed 21504K, reserved 1114112K
  class space    used 2385K, committed 2432K, reserved 1048576K
}
Event: 6.966 GC heap before
{Heap before GC invocations=4 (full 0):
 garbage-first heap   total 40960K, used 31834K [0x00000000c9e00000, 0x0000000100000000)
  region size 1024K, 27 young (27648K), 5 survivors (5120K)
 Metaspace       used 28533K, committed 28736K, reserved 1114112K
  class space    used 3403K, committed 3520K, reserved 1048576K
}
Event: 6.977 GC heap after
{Heap after GC invocations=5 (full 0):
 garbage-first heap   total 40960K, used 11498K [0x00000000c9e00000, 0x0000000100000000)
  region size 1024K, 2 young (2048K), 2 survivors (2048K)
 Metaspace       used 28533K, committed 28736K, reserved 1114112K
  class space    used 3403K, committed 3520K, reserved 1048576K
}
Event: 9.232 GC heap before
{Heap before GC invocations=5 (full 0):
 garbage-first heap   total 40960K, used 31978K [0x00000000c9e00000, 0x0000000100000000)
  region size 1024K, 20 young (20480K), 2 survivors (2048K)
 Metaspace       used 30160K, committed 30400K, reserved 1114112K
  class space    used 3757K, committed 3840K, reserved 1048576K
}
Event: 9.243 GC heap after
{Heap after GC invocations=6 (full 0):
 garbage-first heap   total 40960K, used 17947K [0x00000000c9e00000, 0x0000000100000000)
  region size 1024K, 3 young (3072K), 3 survivors (3072K)
 Metaspace       used 30160K, committed 30400K, reserved 1114112K
  class space    used 3757K, committed 3840K, reserved 1048576K
}
Event: 10.488 GC heap before
{Heap before GC invocations=6 (full 0):
 garbage-first heap   total 40960K, used 28187K [0x00000000c9e00000, 0x0000000100000000)
  region size 1024K, 14 young (14336K), 3 survivors (3072K)
 Metaspace       used 33254K, committed 33472K, reserved 1114112K
  class space    used 4317K, committed 4416K, reserved 1048576K
}
Event: 10.501 GC heap after
{Heap after GC invocations=7 (full 0):
 garbage-first heap   total 40960K, used 19606K [0x00000000c9e00000, 0x0000000100000000)
  region size 1024K, 2 young (2048K), 2 survivors (2048K)
 Metaspace       used 33254K, committed 33472K, reserved 1114112K
  class space    used 4317K, committed 4416K, reserved 1048576K
}
Event: 11.077 GC heap before
{Heap before GC invocations=7 (full 0):
 garbage-first heap   total 40960K, used 29846K [0x00000000c9e00000, 0x0000000100000000)
  region size 1024K, 12 young (12288K), 2 survivors (2048K)
 Metaspace       used 35236K, committed 35392K, reserved 1114112K
  class space    used 4525K, committed 4608K, reserved 1048576K
}
Event: 11.084 GC heap after
{Heap after GC invocations=8 (full 0):
 garbage-first heap   total 40960K, used 19092K [0x00000000c9e00000, 0x0000000100000000)
  region size 1024K, 2 young (2048K), 2 survivors (2048K)
 Metaspace       used 35236K, committed 35392K, reserved 1114112K
  class space    used 4525K, committed 4608K, reserved 1048576K
}
Event: 11.274 GC heap before
{Heap before GC invocations=8 (full 0):
 garbage-first heap   total 40960K, used 22164K [0x00000000c9e00000, 0x0000000100000000)
  region size 1024K, 6 young (6144K), 2 survivors (2048K)
 Metaspace       used 35824K, committed 35968K, reserved 1114112K
  class space    used 4589K, committed 4672K, reserved 1048576K
}
Event: 11.280 GC heap after
{Heap after GC invocations=9 (full 0):
 garbage-first heap   total 40960K, used 19849K [0x00000000c9e00000, 0x0000000100000000)
  region size 1024K, 1 young (1024K), 1 survivors (1024K)
 Metaspace       used 35824K, committed 35968K, reserved 1114112K
  class space    used 4589K, committed 4672K, reserved 1048576K
}
Event: 12.009 GC heap before
{Heap before GC invocations=10 (full 0):
 garbage-first heap   total 40960K, used 30089K [0x00000000c9e00000, 0x0000000100000000)
  region size 1024K, 11 young (11264K), 1 survivors (1024K)
 Metaspace       used 37724K, committed 37952K, reserved 1114112K
  class space    used 4828K, committed 4928K, reserved 1048576K
}
Event: 12.013 GC heap after
{Heap after GC invocations=11 (full 0):
 garbage-first heap   total 40960K, used 21043K [0x00000000c9e00000, 0x0000000100000000)
  region size 1024K, 2 young (2048K), 2 survivors (2048K)
 Metaspace       used 37724K, committed 37952K, reserved 1114112K
  class space    used 4828K, committed 4928K, reserved 1048576K
}
Event: 12.041 GC heap before
{Heap before GC invocations=11 (full 0):
 garbage-first heap   total 40960K, used 21043K [0x00000000c9e00000, 0x0000000100000000)
  region size 1024K, 3 young (3072K), 2 survivors (2048K)
 Metaspace       used 37929K, committed 38144K, reserved 1114112K
  class space    used 4838K, committed 4928K, reserved 1048576K
}
Event: 12.046 GC heap after
{Heap after GC invocations=12 (full 0):
 garbage-first heap   total 40960K, used 19558K [0x00000000c9e00000, 0x0000000100000000)
  region size 1024K, 1 young (1024K), 1 survivors (1024K)
 Metaspace       used 37929K, committed 38144K, reserved 1114112K
  class space    used 4838K, committed 4928K, reserved 1048576K
}
Event: 12.595 GC heap before
{Heap before GC invocations=12 (full 0):
 garbage-first heap   total 40960K, used 28774K [0x00000000c9e00000, 0x0000000100000000)
  region size 1024K, 11 young (11264K), 1 survivors (1024K)
 Metaspace       used 40058K, committed 40256K, reserved 1114112K
  class space    used 4997K, committed 5056K, reserved 1048576K
}
Event: 12.598 GC heap after
{Heap after GC invocations=13 (full 0):
 garbage-first heap   total 40960K, used 20253K [0x00000000c9e00000, 0x0000000100000000)
  region size 1024K, 1 young (1024K), 1 survivors (1024K)
 Metaspace       used 40058K, committed 40256K, reserved 1114112K
  class space    used 4997K, committed 5056K, reserved 1048576K
}
Event: 13.161 GC heap before
{Heap before GC invocations=14 (full 0):
 garbage-first heap   total 40960K, used 30493K [0x00000000c9e00000, 0x0000000100000000)
  region size 1024K, 12 young (12288K), 1 survivors (1024K)
 Metaspace       used 42248K, committed 42496K, reserved 1114112K
  class space    used 5226K, committed 5312K, reserved 1048576K
}

